<Events><Events><Events><Events><Events>
<Event xmlns='http://schemas.microsoft.com/win/2004/08/events/event'><System><Provider Name='Schannel' Guid='{1f678132-5938-4686-9fdc-c8ff68f15c85}'/><EventID>36871</EventID><Version>0</Version><Level>2</Level><Task>0</Task><Opcode>0</Opcode><Keywords>0x8000000000000000</Keywords><TimeCreated SystemTime='2023-05-23T10:02:16.9293305Z'/><EventRecordID>33718</EventRecordID><Correlation ActivityID='{b4a9be72-8a59-0004-f2be-a9b4598ad901}'/><Execution ProcessID='772' ThreadID='12684'/><Channel>System</Channel><Computer>MA-L-506299.groupinfra.com</Computer><Security UserID='S-1-5-18'/></System><EventData><Data Name='Type'>client</Data><Data Name='ErrorState'>10013</Data></EventData></Event>
<Event xmlns='http://schemas.microsoft.com/win/2004/08/events/event'><System><Provider Name='Schannel' Guid='{1f678132-5938-4686-9fdc-c8ff68f15c85}'/><EventID>36871</EventID><Version>0</Version><Level>2</Level><Task>0</Task><Opcode>0</Opcode><Keywords>0x8000000000000000</Keywords><TimeCreated SystemTime='2023-05-23T10:02:16.9297195Z'/><EventRecordID>33719</EventRecordID><Correlation ActivityID='{b4a9be72-8a59-0004-f2be-a9b4598ad901}'/><Execution ProcessID='772' ThreadID='12684'/><Channel>System</Channel><Computer>MA-L-506299.groupinfra.com</Computer><Security UserID='S-1-5-18'/></System><EventData><Data Name='Type'>client</Data><Data Name='ErrorState'>10013</Data></EventData></Event>
<Event xmlns='http://schemas.microsoft.com/win/2004/08/events/event'><System><Provider Name='Schannel' Guid='{1f678132-5938-4686-9fdc-c8ff68f15c85}'/><EventID>36871</EventID><Version>0</Version><Level>2</Level><Task>0</Task><Opcode>0</Opcode><Keywords>0x8000000000000000</Keywords><TimeCreated SystemTime='2023-05-23T10:03:06.5268470Z'/><EventRecordID>33720</EventRecordID><Correlation ActivityID='{b4a9be72-8a59-0004-f2be-a9b4598ad901}'/><Execution ProcessID='772' ThreadID='13864'/><Channel>System</Channel><Computer>MA-L-506299.groupinfra.com</Computer><Security UserID='S-1-5-18'/></System><EventData><Data Name='Type'>client</Data><Data Name='ErrorState'>10013</Data></EventData></Event>
<Event xmlns='http://schemas.microsoft.com/win/2004/08/events/event'><System><Provider Name='Schannel' Guid='{1f678132-5938-4686-9fdc-c8ff68f15c85}'/><EventID>36871</EventID><Version>0</Version><Level>2</Level><Task>0</Task><Opcode>0</Opcode><Keywords>0x8000000000000000</Keywords><TimeCreated SystemTime='2023-05-23T10:03:06.5271976Z'/><EventRecordID>33721</EventRecordID><Correlation ActivityID='{b4a9be72-8a59-0004-f2be-a9b4598ad901}'/><Execution ProcessID='772' ThreadID='13864'/><Channel>System</Channel><Computer>MA-L-506299.groupinfra.com</Computer><Security UserID='S-1-5-18'/></System><EventData><Data Name='Type'>client</Data><Data Name='ErrorState'>10013</Data></EventData></Event>
<Event xmlns='http://schemas.microsoft.com/win/2004/08/events/event'><System><Provider Name='Microsoft-Windows-DNS-Client' Guid='{1c95126e-7eea-49a9-a3fe-a378b03ddb4d}'/><EventID>8015</EventID><Version>0</Version><Level>3</Level><Task>1028</Task><Opcode>0</Opcode><Keywords>0x4000000000000000</Keywords><TimeCreated SystemTime='2023-05-23T10:12:31.4396350Z'/><EventRecordID>33722</EventRecordID><Correlation/><Execution ProcessID='1724' ThreadID='4380'/><Channel>System</Channel><Computer>MA-L-506299.groupinfra.com</Computer><Security UserID='S-1-5-20'/></System><EventData><Data Name='AdapterName'>{6100B15F-EEF0-4323-806A-1847BB2C3D47}</Data><Data Name='HostName'>MA-L-506299</Data><Data Name='AdapterSuffixName'>groupinfra.com</Data><Data Name='DnsServerList'>	192.168.43.1</Data><Data Name='Sent UpdateServer'>192.219.99.200:53</Data><Data Name='Ipaddress'>192.168.43.152</Data><Data Name='ErrorCode'>1460</Data></EventData></Event>
<Event xmlns='http://schemas.microsoft.com/win/2004/08/events/event'><System><Provider Name='Schannel' Guid='{1f678132-5938-4686-9fdc-c8ff68f15c85}'/><EventID>36871</EventID><Version>0</Version><Level>2</Level><Task>0</Task><Opcode>0</Opcode><Keywords>0x8000000000000000</Keywords><TimeCreated SystemTime='2023-05-23T10:12:55.1435143Z'/><EventRecordID>33723</EventRecordID><Correlation ActivityID='{b4a9be72-8a59-0004-f2be-a9b4598ad901}'/><Execution ProcessID='772' ThreadID='19828'/><Channel>System</Channel><Computer>MA-L-506299.groupinfra.com</Computer><Security UserID='S-1-5-18'/></System><EventData><Data Name='Type'>client</Data><Data Name='ErrorState'>10013</Data></EventData></Event>
<Event xmlns='http://schemas.microsoft.com/win/2004/08/events/event'><System><Provider Name='Schannel' Guid='{1f678132-5938-4686-9fdc-c8ff68f15c85}'/><EventID>36871</EventID><Version>0</Version><Level>2</Level><Task>0</Task><Opcode>0</Opcode><Keywords>0x8000000000000000</Keywords><TimeCreated SystemTime='2023-05-23T10:12:55.1436592Z'/><EventRecordID>33724</EventRecordID><Correlation ActivityID='{b4a9be72-8a59-0004-f2be-a9b4598ad901}'/><Execution ProcessID='772' ThreadID='19828'/><Channel>System</Channel><Computer>MA-L-506299.groupinfra.com</Computer><Security UserID='S-1-5-18'/></System><EventData><Data Name='Type'>client</Data><Data Name='ErrorState'>10013</Data></EventData></Event>
<Event xmlns='http://schemas.microsoft.com/win/2004/08/events/event'><System><Provider Name='Schannel' Guid='{1f678132-5938-4686-9fdc-c8ff68f15c85}'/><EventID>36871</EventID><Version>0</Version><Level>2</Level><Task>0</Task><Opcode>0</Opcode><Keywords>0x8000000000000000</Keywords><TimeCreated SystemTime='2023-05-23T10:12:57.7896465Z'/><EventRecordID>33725</EventRecordID><Correlation ActivityID='{b4a9be72-8a59-0004-f2be-a9b4598ad901}'/><Execution ProcessID='772' ThreadID='848'/><Channel>System</Channel><Computer>MA-L-506299.groupinfra.com</Computer><Security UserID='S-1-5-18'/></System><EventData><Data Name='Type'>client</Data><Data Name='ErrorState'>10013</Data></EventData></Event>
<Event xmlns='http://schemas.microsoft.com/win/2004/08/events/event'><System><Provider Name='Schannel' Guid='{1f678132-5938-4686-9fdc-c8ff68f15c85}'/><EventID>36871</EventID><Version>0</Version><Level>2</Level><Task>0</Task><Opcode>0</Opcode><Keywords>0x8000000000000000</Keywords><TimeCreated SystemTime='2023-05-23T10:12:57.7898215Z'/><EventRecordID>33726</EventRecordID><Correlation ActivityID='{b4a9be72-8a59-0004-f2be-a9b4598ad901}'/><Execution ProcessID='772' ThreadID='848'/><Channel>System</Channel><Computer>MA-L-506299.groupinfra.com</Computer><Security UserID='S-1-5-18'/></System><EventData><Data Name='Type'>client</Data><Data Name='ErrorState'>10013</Data></EventData></Event>
<Event xmlns='http://schemas.microsoft.com/win/2004/08/events/event'><System><Provider Name='Microsoft-Windows-Kernel-Power' Guid='{331c3b3a-2005-44c2-ac5e-77220c37d6b4}'/><EventID>105</EventID><Version>1</Version><Level>4</Level><Task>100</Task><Opcode>0</Opcode><Keywords>0x8000000000000404</Keywords><TimeCreated SystemTime='2023-05-23T10:15:24.4841222Z'/><EventRecordID>33727</EventRecordID><Correlation/><Execution ProcessID='4' ThreadID='19580'/><Channel>System</Channel><Computer>MA-L-506299.groupinfra.com</Computer><Security UserID='S-1-5-18'/></System><EventData><Data Name='AcOnline'>true</Data><Data Name='RemainingCapacity'>9325</Data><Data Name='FullChargeCapacity'>17180</Data></EventData></Event>
<Event xmlns='http://schemas.microsoft.com/win/2004/08/events/event'><System><Provider Name='Microsoft-Windows-DNS-Client' Guid='{1c95126e-7eea-49a9-a3fe-a378b03ddb4d}'/><EventID>1014</EventID><Version>0</Version><Level>3</Level><Task>1014</Task><Opcode>0</Opcode><Keywords>0x4000000010000000</Keywords><TimeCreated SystemTime='2023-05-23T10:16:20.3441086Z'/><EventRecordID>33728</EventRecordID><Correlation/><Execution ProcessID='1724' ThreadID='4380'/><Channel>System</Channel><Computer>MA-L-506299.groupinfra.com</Computer><Security UserID='S-1-5-20'/></System><EventData><Data Name='QueryName'>groupinfra.com</Data><Data Name='AddressLength'>16</Data><Data Name='Address'>02000035C0DB63C80000000000000000</Data></EventData></Event>
<Event xmlns='http://schemas.microsoft.com/win/2004/08/events/event'><System><Provider Name='Microsoft-Windows-DNS-Client' Guid='{1c95126e-7eea-49a9-a3fe-a378b03ddb4d}'/><EventID>8015</EventID><Version>0</Version><Level>3</Level><Task>1028</Task><Opcode>0</Opcode><Keywords>0x4000000000000000</Keywords><TimeCreated SystemTime='2023-05-23T10:16:42.6564527Z'/><EventRecordID>33729</EventRecordID><Correlation/><Execution ProcessID='1724' ThreadID='4380'/><Channel>System</Channel><Computer>MA-L-506299.groupinfra.com</Computer><Security UserID='S-1-5-20'/></System><EventData><Data Name='AdapterName'>{6100B15F-EEF0-4323-806A-1847BB2C3D47}</Data><Data Name='HostName'>MA-L-506299</Data><Data Name='AdapterSuffixName'>groupinfra.com</Data><Data Name='DnsServerList'>	192.168.43.1</Data><Data Name='Sent UpdateServer'>192.219.99.200:53</Data><Data Name='Ipaddress'>192.168.43.152</Data><Data Name='ErrorCode'>1460</Data></EventData></Event>
<Event xmlns='http://schemas.microsoft.com/win/2004/08/events/event'><System><Provider Name='Schannel' Guid='{1f678132-5938-4686-9fdc-c8ff68f15c85}'/><EventID>36871</EventID><Version>0</Version><Level>2</Level><Task>0</Task><Opcode>0</Opcode><Keywords>0x8000000000000000</Keywords><TimeCreated SystemTime='2023-05-23T10:16:46.0810206Z'/><EventRecordID>33730</EventRecordID><Correlation ActivityID='{b4a9be72-8a59-0004-f2be-a9b4598ad901}'/><Execution ProcessID='772' ThreadID='19828'/><Channel>System</Channel><Computer>MA-L-506299.groupinfra.com</Computer><Security UserID='S-1-5-18'/></System><EventData><Data Name='Type'>client</Data><Data Name='ErrorState'>10013</Data></EventData></Event>
<Event xmlns='http://schemas.microsoft.com/win/2004/08/events/event'><System><Provider Name='Schannel' Guid='{1f678132-5938-4686-9fdc-c8ff68f15c85}'/><EventID>36871</EventID><Version>0</Version><Level>2</Level><Task>0</Task><Opcode>0</Opcode><Keywords>0x8000000000000000</Keywords><TimeCreated SystemTime='2023-05-23T10:16:46.0811206Z'/><EventRecordID>33731</EventRecordID><Correlation ActivityID='{b4a9be72-8a59-0004-f2be-a9b4598ad901}'/><Execution ProcessID='772' ThreadID='19828'/><Channel>System</Channel><Computer>MA-L-506299.groupinfra.com</Computer><Security UserID='S-1-5-18'/></System><EventData><Data Name='Type'>client</Data><Data Name='ErrorState'>10013</Data></EventData></Event>
<Event xmlns='http://schemas.microsoft.com/win/2004/08/events/event'><System><Provider Name='Schannel' Guid='{1f678132-5938-4686-9fdc-c8ff68f15c85}'/><EventID>36871</EventID><Version>0</Version><Level>2</Level><Task>0</Task><Opcode>0</Opcode><Keywords>0x8000000000000000</Keywords><TimeCreated SystemTime='2023-05-23T10:21:06.5740505Z'/><EventRecordID>33732</EventRecordID><Correlation ActivityID='{b4a9be72-8a59-0004-f2be-a9b4598ad901}'/><Execution ProcessID='772' ThreadID='848'/><Channel>System</Channel><Computer>MA-L-506299.groupinfra.com</Computer><Security UserID='S-1-5-18'/></System><EventData><Data Name='Type'>client</Data><Data Name='ErrorState'>10013</Data></EventData></Event>
<Event xmlns='http://schemas.microsoft.com/win/2004/08/events/event'><System><Provider Name='Schannel' Guid='{1f678132-5938-4686-9fdc-c8ff68f15c85}'/><EventID>36871</EventID><Version>0</Version><Level>2</Level><Task>0</Task><Opcode>0</Opcode><Keywords>0x8000000000000000</Keywords><TimeCreated SystemTime='2023-05-23T10:21:06.5741515Z'/><EventRecordID>33733</EventRecordID><Correlation ActivityID='{b4a9be72-8a59-0004-f2be-a9b4598ad901}'/><Execution ProcessID='772' ThreadID='848'/><Channel>System</Channel><Computer>MA-L-506299.groupinfra.com</Computer><Security UserID='S-1-5-18'/></System><EventData><Data Name='Type'>client</Data><Data Name='ErrorState'>10013</Data></EventData></Event>
<Event xmlns='http://schemas.microsoft.com/win/2004/08/events/event'><System><Provider Name='Schannel' Guid='{1f678132-5938-4686-9fdc-c8ff68f15c85}'/><EventID>36871</EventID><Version>0</Version><Level>2</Level><Task>0</Task><Opcode>0</Opcode><Keywords>0x8000000000000000</Keywords><TimeCreated SystemTime='2023-05-23T10:24:10.0853020Z'/><EventRecordID>33734</EventRecordID><Correlation ActivityID='{b4a9be72-8a59-0004-f2be-a9b4598ad901}'/><Execution ProcessID='772' ThreadID='1396'/><Channel>System</Channel><Computer>MA-L-506299.groupinfra.com</Computer><Security UserID='S-1-5-18'/></System><EventData><Data Name='Type'>client</Data><Data Name='ErrorState'>10013</Data></EventData></Event>
<Event xmlns='http://schemas.microsoft.com/win/2004/08/events/event'><System><Provider Name='Schannel' Guid='{1f678132-5938-4686-9fdc-c8ff68f15c85}'/><EventID>36871</EventID><Version>0</Version><Level>2</Level><Task>0</Task><Opcode>0</Opcode><Keywords>0x8000000000000000</Keywords><TimeCreated SystemTime='2023-05-23T10:24:10.0854070Z'/><EventRecordID>33735</EventRecordID><Correlation ActivityID='{b4a9be72-8a59-0004-f2be-a9b4598ad901}'/><Execution ProcessID='772' ThreadID='1396'/><Channel>System</Channel><Computer>MA-L-506299.groupinfra.com</Computer><Security UserID='S-1-5-18'/></System><EventData><Data Name='Type'>client</Data><Data Name='ErrorState'>10013</Data></EventData></Event>
<Event xmlns='http://schemas.microsoft.com/win/2004/08/events/event'><System><Provider Name='Schannel' Guid='{1f678132-5938-4686-9fdc-c8ff68f15c85}'/><EventID>36871</EventID><Version>0</Version><Level>2</Level><Task>0</Task><Opcode>0</Opcode><Keywords>0x8000000000000000</Keywords><TimeCreated SystemTime='2023-05-23T10:25:41.8435800Z'/><EventRecordID>33736</EventRecordID><Correlation ActivityID='{b4a9be72-8a59-0004-f2be-a9b4598ad901}'/><Execution ProcessID='772' ThreadID='15340'/><Channel>System</Channel><Computer>MA-L-506299.groupinfra.com</Computer><Security UserID='S-1-5-18'/></System><EventData><Data Name='Type'>client</Data><Data Name='ErrorState'>10013</Data></EventData></Event>
<Event xmlns='http://schemas.microsoft.com/win/2004/08/events/event'><System><Provider Name='Schannel' Guid='{1f678132-5938-4686-9fdc-c8ff68f15c85}'/><EventID>36871</EventID><Version>0</Version><Level>2</Level><Task>0</Task><Opcode>0</Opcode><Keywords>0x8000000000000000</Keywords><TimeCreated SystemTime='2023-05-23T10:25:41.8436825Z'/><EventRecordID>33737</EventRecordID><Correlation ActivityID='{b4a9be72-8a59-0004-f2be-a9b4598ad901}'/><Execution ProcessID='772' ThreadID='15340'/><Channel>System</Channel><Computer>MA-L-506299.groupinfra.com</Computer><Security UserID='S-1-5-18'/></System><EventData><Data Name='Type'>client</Data><Data Name='ErrorState'>10013</Data></EventData></Event>
<Event xmlns='http://schemas.microsoft.com/win/2004/08/events/event'><System><Provider Name='Microsoft-Windows-DistributedCOM' Guid='{1B562E86-B7AA-4131-BADC-B6F3A001407E}' EventSourceName='DCOM'/><EventID Qualifiers='0'>10016</EventID><Version>0</Version><Level>3</Level><Task>0</Task><Opcode>0</Opcode><Keywords>0x8080000000000000</Keywords><TimeCreated SystemTime='2023-05-23T10:28:28.1236532Z'/><EventRecordID>33738</EventRecordID><Correlation ActivityID='{575dec94-d130-43aa-8f66-5e4ff784db47}'/><Execution ProcessID='1204' ThreadID='15416'/><Channel>System</Channel><Computer>MA-L-506299.groupinfra.com</Computer><Security UserID='S-1-5-21-3641078771-3653456904-245653651-2653085'/></System><EventData><Data Name='param1'>propres � l�application</Data><Data Name='param2'>Local</Data><Data Name='param3'>Activation</Data><Data Name='param4'>{2593F8B9-4EAF-457C-B68A-50F6B8EA6B54}</Data><Data Name='param5'>{15C20B67-12E7-4BB6-92BB-7AFF07997402}</Data><Data Name='param6'>GROUPINFRA</Data><Data Name='param7'>safouane.elharrak</Data><Data Name='param8'>S-1-5-21-3641078771-3653456904-245653651-2653085</Data><Data Name='param9'>LocalHost (avec LRPC)</Data><Data Name='param10'>Non disponible</Data><Data Name='param11'>Non disponible</Data></EventData></Event>
<Event xmlns='http://schemas.microsoft.com/win/2004/08/events/event'><System><Provider Name='Schannel' Guid='{1f678132-5938-4686-9fdc-c8ff68f15c85}'/><EventID>36871</EventID><Version>0</Version><Level>2</Level><Task>0</Task><Opcode>0</Opcode><Keywords>0x8000000000000000</Keywords><TimeCreated SystemTime='2023-05-23T10:30:53.9661117Z'/><EventRecordID>33739</EventRecordID><Correlation ActivityID='{b4a9be72-8a59-0004-f2be-a9b4598ad901}'/><Execution ProcessID='772' ThreadID='7592'/><Channel>System</Channel><Computer>MA-L-506299.groupinfra.com</Computer><Security UserID='S-1-5-18'/></System><EventData><Data Name='Type'>client</Data><Data Name='ErrorState'>10013</Data></EventData></Event>
<Event xmlns='http://schemas.microsoft.com/win/2004/08/events/event'><System><Provider Name='Schannel' Guid='{1f678132-5938-4686-9fdc-c8ff68f15c85}'/><EventID>36871</EventID><Version>0</Version><Level>2</Level><Task>0</Task><Opcode>0</Opcode><Keywords>0x8000000000000000</Keywords><TimeCreated SystemTime='2023-05-23T10:30:53.9662108Z'/><EventRecordID>33740</EventRecordID><Correlation ActivityID='{b4a9be72-8a59-0004-f2be-a9b4598ad901}'/><Execution ProcessID='772' ThreadID='7592'/><Channel>System</Channel><Computer>MA-L-506299.groupinfra.com</Computer><Security UserID='S-1-5-18'/></System><EventData><Data Name='Type'>client</Data><Data Name='ErrorState'>10013</Data></EventData></Event>
<Event xmlns='http://schemas.microsoft.com/win/2004/08/events/event'><System><Provider Name='Schannel' Guid='{1f678132-5938-4686-9fdc-c8ff68f15c85}'/><EventID>36871</EventID><Version>0</Version><Level>2</Level><Task>0</Task><Opcode>0</Opcode><Keywords>0x8000000000000000</Keywords><TimeCreated SystemTime='2023-05-23T10:31:08.6217018Z'/><EventRecordID>33741</EventRecordID><Correlation ActivityID='{b4a9be72-8a59-0004-f2be-a9b4598ad901}'/><Execution ProcessID='772' ThreadID='15340'/><Channel>System</Channel><Computer>MA-L-506299.groupinfra.com</Computer><Security UserID='S-1-5-18'/></System><EventData><Data Name='Type'>client</Data><Data Name='ErrorState'>10013</Data></EventData></Event>
<Event xmlns='http://schemas.microsoft.com/win/2004/08/events/event'><System><Provider Name='Schannel' Guid='{1f678132-5938-4686-9fdc-c8ff68f15c85}'/><EventID>36871</EventID><Version>0</Version><Level>2</Level><Task>0</Task><Opcode>0</Opcode><Keywords>0x8000000000000000</Keywords><TimeCreated SystemTime='2023-05-23T10:31:08.6218036Z'/><EventRecordID>33742</EventRecordID><Correlation ActivityID='{b4a9be72-8a59-0004-f2be-a9b4598ad901}'/><Execution ProcessID='772' ThreadID='15340'/><Channel>System</Channel><Computer>MA-L-506299.groupinfra.com</Computer><Security UserID='S-1-5-18'/></System><EventData><Data Name='Type'>client</Data><Data Name='ErrorState'>10013</Data></EventData></Event>
<Event xmlns='http://schemas.microsoft.com/win/2004/08/events/event'><System><Provider Name='Schannel' Guid='{1f678132-5938-4686-9fdc-c8ff68f15c85}'/><EventID>36871</EventID><Version>0</Version><Level>2</Level><Task>0</Task><Opcode>0</Opcode><Keywords>0x8000000000000000</Keywords><TimeCreated SystemTime='2023-05-23T10:32:17.3957507Z'/><EventRecordID>33743</EventRecordID><Correlation ActivityID='{b4a9be72-8a59-0004-f2be-a9b4598ad901}'/><Execution ProcessID='772' ThreadID='7592'/><Channel>System</Channel><Computer>MA-L-506299.groupinfra.com</Computer><Security UserID='S-1-5-18'/></System><EventData><Data Name='Type'>client</Data><Data Name='ErrorState'>10013</Data></EventData></Event>
<Event xmlns='http://schemas.microsoft.com/win/2004/08/events/event'><System><Provider Name='Schannel' Guid='{1f678132-5938-4686-9fdc-c8ff68f15c85}'/><EventID>36871</EventID><Version>0</Version><Level>2</Level><Task>0</Task><Opcode>0</Opcode><Keywords>0x8000000000000000</Keywords><TimeCreated SystemTime='2023-05-23T10:32:17.3958552Z'/><EventRecordID>33744</EventRecordID><Correlation ActivityID='{b4a9be72-8a59-0004-f2be-a9b4598ad901}'/><Execution ProcessID='772' ThreadID='7592'/><Channel>System</Channel><Computer>MA-L-506299.groupinfra.com</Computer><Security UserID='S-1-5-18'/></System><EventData><Data Name='Type'>client</Data><Data Name='ErrorState'>10013</Data></EventData></Event>
<Event xmlns='http://schemas.microsoft.com/win/2004/08/events/event'><System><Provider Name='Schannel' Guid='{1f678132-5938-4686-9fdc-c8ff68f15c85}'/><EventID>36871</EventID><Version>0</Version><Level>2</Level><Task>0</Task><Opcode>0</Opcode><Keywords>0x8000000000000000</Keywords><TimeCreated SystemTime='2023-05-23T10:32:20.3890242Z'/><EventRecordID>33745</EventRecordID><Correlation ActivityID='{b4a9be72-8a59-0004-f2be-a9b4598ad901}'/><Execution ProcessID='772' ThreadID='7592'/><Channel>System</Channel><Computer>MA-L-506299.groupinfra.com</Computer><Security UserID='S-1-5-18'/></System><EventData><Data Name='Type'>client</Data><Data Name='ErrorState'>10013</Data></EventData></Event>
<Event xmlns='http://schemas.microsoft.com/win/2004/08/events/event'><System><Provider Name='Schannel' Guid='{1f678132-5938-4686-9fdc-c8ff68f15c85}'/><EventID>36871</EventID><Version>0</Version><Level>2</Level><Task>0</Task><Opcode>0</Opcode><Keywords>0x8000000000000000</Keywords><TimeCreated SystemTime='2023-05-23T10:32:20.3891231Z'/><EventRecordID>33746</EventRecordID><Correlation ActivityID='{b4a9be72-8a59-0004-f2be-a9b4598ad901}'/><Execution ProcessID='772' ThreadID='7592'/><Channel>System</Channel><Computer>MA-L-506299.groupinfra.com</Computer><Security UserID='S-1-5-18'/></System><EventData><Data Name='Type'>client</Data><Data Name='ErrorState'>10013</Data></EventData></Event>
<Event xmlns='http://schemas.microsoft.com/win/2004/08/events/event'><System><Provider Name='Service Control Manager' Guid='{555908d1-a6d7-4695-8e1e-26931d2012f4}' EventSourceName='Service Control Manager'/><EventID Qualifiers='16384'>7040</EventID><Version>0</Version><Level>4</Level><Task>0</Task><Opcode>0</Opcode><Keywords>0x8080000000000000</Keywords><TimeCreated SystemTime='2023-05-23T10:34:27.3401780Z'/><EventRecordID>33747</EventRecordID><Correlation/><Execution ProcessID='756' ThreadID='16328'/><Channel>System</Channel><Computer>MA-L-506299.groupinfra.com</Computer><Security UserID='S-1-5-18'/></System><EventData><Data Name='param1'>Service de transfert intelligent en arri�re-plan</Data><Data Name='param2'>D�marrage � la demande</Data><Data Name='param3'>D�marrage automatique</Data><Data Name='param4'>BITS</Data></EventData></Event>
<Event xmlns='http://schemas.microsoft.com/win/2004/08/events/event'><System><Provider Name='Service Control Manager' Guid='{555908d1-a6d7-4695-8e1e-26931d2012f4}' EventSourceName='Service Control Manager'/><EventID Qualifiers='16384'>7040</EventID><Version>0</Version><Level>4</Level><Task>0</Task><Opcode>0</Opcode><Keywords>0x8080000000000000</Keywords><TimeCreated SystemTime='2023-05-23T10:37:02.2662461Z'/><EventRecordID>33748</EventRecordID><Correlation/><Execution ProcessID='756' ThreadID='12452'/><Channel>System</Channel><Computer>MA-L-506299.groupinfra.com</Computer><Security UserID='S-1-5-18'/></System><EventData><Data Name='param1'>Service de transfert intelligent en arri�re-plan</Data><Data Name='param2'>D�marrage automatique</Data><Data Name='param3'>D�marrage � la demande</Data><Data Name='param4'>BITS</Data></EventData></Event>
<Event xmlns='http://schemas.microsoft.com/win/2004/08/events/event'><System><Provider Name='Microsoft-Windows-DistributedCOM' Guid='{1B562E86-B7AA-4131-BADC-B6F3A001407E}' EventSourceName='DCOM'/><EventID Qualifiers='0'>10016</EventID><Version>0</Version><Level>3</Level><Task>0</Task><Opcode>0</Opcode><Keywords>0x8080000000000000</Keywords><TimeCreated SystemTime='2023-05-23T10:37:14.2674135Z'/><EventRecordID>33749</EventRecordID><Correlation ActivityID='{b898d835-9a11-4b1a-9c4b-c66c2400741a}'/><Execution ProcessID='1204' ThreadID='19000'/><Channel>System</Channel><Computer>MA-L-506299.groupinfra.com</Computer><Security UserID='S-1-5-21-3641078771-3653456904-245653651-2653085'/></System><EventData><Data Name='param1'>propres � l�application</Data><Data Name='param2'>Local</Data><Data Name='param3'>Activation</Data><Data Name='param4'>{2593F8B9-4EAF-457C-B68A-50F6B8EA6B54}</Data><Data Name='param5'>{15C20B67-12E7-4BB6-92BB-7AFF07997402}</Data><Data Name='param6'>GROUPINFRA</Data><Data Name='param7'>safouane.elharrak</Data><Data Name='param8'>S-1-5-21-3641078771-3653456904-245653651-2653085</Data><Data Name='param9'>LocalHost (avec LRPC)</Data><Data Name='param10'>Non disponible</Data><Data Name='param11'>Non disponible</Data></EventData></Event>
<Event xmlns='http://schemas.microsoft.com/win/2004/08/events/event'><System><Provider Name='Microsoft-Windows-Time-Service' Guid='{06edcfeb-0fd0-4e53-acca-a6f8bbf81bcb}'/><EventID>129</EventID><Version>0</Version><Level>3</Level><Task>0</Task><Opcode>0</Opcode><Keywords>0x8000000000000000</Keywords><TimeCreated SystemTime='2023-05-23T10:38:01.0388838Z'/><EventRecordID>33750</EventRecordID><Correlation/><Execution ProcessID='1528' ThreadID='16972'/><Channel>System</Channel><Computer>MA-L-506299.groupinfra.com</Computer><Security UserID='S-1-5-19'/></System><EventData Name='TMP_EVENT_DOMAIN_PEER_DISCOVERY_ERROR'><Data Name='ErrorMessage'>Rubrique introuvable. (0x800706E1)</Data><Data Name='RetryMinutes'>15</Data></EventData></Event>
<Event xmlns='http://schemas.microsoft.com/win/2004/08/events/event'><System><Provider Name='Microsoft-Windows-DNS-Client' Guid='{1c95126e-7eea-49a9-a3fe-a378b03ddb4d}'/><EventID>8015</EventID><Version>0</Version><Level>3</Level><Task>1028</Task><Opcode>0</Opcode><Keywords>0x4000000000000000</Keywords><TimeCreated SystemTime='2023-05-23T10:38:04.0226888Z'/><EventRecordID>33751</EventRecordID><Correlation/><Execution ProcessID='1724' ThreadID='4380'/><Channel>System</Channel><Computer>MA-L-506299.groupinfra.com</Computer><Security UserID='S-1-5-20'/></System><EventData><Data Name='AdapterName'>{6100B15F-EEF0-4323-806A-1847BB2C3D47}</Data><Data Name='HostName'>MA-L-506299</Data><Data Name='AdapterSuffixName'>groupinfra.com</Data><Data Name='DnsServerList'>	192.168.43.1</Data><Data Name='Sent UpdateServer'>192.219.99.200:53</Data><Data Name='Ipaddress'>192.168.43.152</Data><Data Name='ErrorCode'>1460</Data></EventData></Event>
<Event xmlns='http://schemas.microsoft.com/win/2004/08/events/event'><System><Provider Name='Microsoft-Windows-DistributedCOM' Guid='{1B562E86-B7AA-4131-BADC-B6F3A001407E}' EventSourceName='DCOM'/><EventID Qualifiers='0'>10016</EventID><Version>0</Version><Level>3</Level><Task>0</Task><Opcode>0</Opcode><Keywords>0x8080000000000000</Keywords><TimeCreated SystemTime='2023-05-23T10:38:05.3094277Z'/><EventRecordID>33752</EventRecordID><Correlation ActivityID='{0c7a8e23-35a6-4a97-9bb5-0239d45d084d}'/><Execution ProcessID='1204' ThreadID='18464'/><Channel>System</Channel><Computer>MA-L-506299.groupinfra.com</Computer><Security UserID='S-1-5-21-3641078771-3653456904-245653651-2653085'/></System><EventData><Data Name='param1'>par d�faut de l�ordinateur</Data><Data Name='param2'>Local</Data><Data Name='param3'>Activation</Data><Data Name='param4'>{C2F03A33-21F5-47FA-B4BB-156362A2F239}</Data><Data Name='param5'>{316CDED5-E4AE-4B15-9113-7055D84DCC97}</Data><Data Name='param6'>GROUPINFRA</Data><Data Name='param7'>safouane.elharrak</Data><Data Name='param8'>S-1-5-21-3641078771-3653456904-245653651-2653085</Data><Data Name='param9'>LocalHost (avec LRPC)</Data><Data Name='param10'>Microsoft.Windows.ShellExperienceHost_10.0.19041.1949_neutral_neutral_cw5n1h2txyewy</Data><Data Name='param11'>S-1-15-2-155514346-2573954481-755741238-1654018636-1233331829-3075935687-2861478708</Data></EventData></Event>
<Event xmlns='http://schemas.microsoft.com/win/2004/08/events/event'><System><Provider Name='Microsoft-Windows-Time-Service' Guid='{06edcfeb-0fd0-4e53-acca-a6f8bbf81bcb}'/><EventID>37</EventID><Version>0</Version><Level>4</Level><Task>0</Task><Opcode>0</Opcode><Keywords>0x8000000000000000</Keywords><TimeCreated SystemTime='2023-05-23T10:38:05.4550935Z'/><EventRecordID>33753</EventRecordID><Correlation/><Execution ProcessID='1528' ThreadID='16972'/><Channel>System</Channel><Computer>MA-L-506299.groupinfra.com</Computer><Security UserID='S-1-5-19'/></System><EventData Name='TMP_EVENT_TIME_SOURCE_REACHABLE'><Data Name='TimeSource'>FR-DC021.groupinfra.com (ntp.d|0.0.0.0:123-&gt;158.234.105.37:123)</Data></EventData></Event>
<Event xmlns='http://schemas.microsoft.com/win/2004/08/events/event'><System><Provider Name='Microsoft-Windows-Time-Service' Guid='{06edcfeb-0fd0-4e53-acca-a6f8bbf81bcb}'/><EventID>35</EventID><Version>0</Version><Level>4</Level><Task>0</Task><Opcode>0</Opcode><Keywords>0x8000000000000000</Keywords><TimeCreated SystemTime='2023-05-23T10:38:05.4660712Z'/><EventRecordID>33754</EventRecordID><Correlation/><Execution ProcessID='1528' ThreadID='1932'/><Channel>System</Channel><Computer>MA-L-506299.groupinfra.com</Computer><Security UserID='S-1-5-19'/></System><EventData Name='TMP_EVENT_TIME_SOURCE_CHOSEN'><Data Name='TimeSource'>FR-DC021.groupinfra.com (ntp.d|0.0.0.0:123-&gt;158.234.105.37:123)</Data><Data Name='TimeSourceRefId'>627698334</Data><Data Name='CurrentStratumNumber'>6</Data></EventData></Event>
<Event xmlns='http://schemas.microsoft.com/win/2004/08/events/event'><System><Provider Name='Microsoft-Windows-DNS-Client' Guid='{1c95126e-7eea-49a9-a3fe-a378b03ddb4d}'/><EventID>1014</EventID><Version>0</Version><Level>3</Level><Task>1014</Task><Opcode>0</Opcode><Keywords>0x4000000010000000</Keywords><TimeCreated SystemTime='2023-05-23T10:38:42.8921964Z'/><EventRecordID>33755</EventRecordID><Correlation/><Execution ProcessID='1724' ThreadID='4380'/><Channel>System</Channel><Computer>MA-L-506299.groupinfra.com</Computer><Security UserID='S-1-5-20'/></System><EventData><Data Name='QueryName'>groupinfra.com</Data><Data Name='AddressLength'>16</Data><Data Name='Address'>020000359EEA1E210000000000000000</Data></EventData></Event>
<Event xmlns='http://schemas.microsoft.com/win/2004/08/events/event'><System><Provider Name='Schannel' Guid='{1f678132-5938-4686-9fdc-c8ff68f15c85}'/><EventID>36871</EventID><Version>0</Version><Level>2</Level><Task>0</Task><Opcode>0</Opcode><Keywords>0x8000000000000000</Keywords><TimeCreated SystemTime='2023-05-23T10:38:46.6343072Z'/><EventRecordID>33756</EventRecordID><Correlation ActivityID='{b4a9be72-8a59-0004-f2be-a9b4598ad901}'/><Execution ProcessID='772' ThreadID='17472'/><Channel>System</Channel><Computer>MA-L-506299.groupinfra.com</Computer><Security UserID='S-1-5-18'/></System><EventData><Data Name='Type'>client</Data><Data Name='ErrorState'>10013</Data></EventData></Event>
<Event xmlns='http://schemas.microsoft.com/win/2004/08/events/event'><System><Provider Name='Schannel' Guid='{1f678132-5938-4686-9fdc-c8ff68f15c85}'/><EventID>36871</EventID><Version>0</Version><Level>2</Level><Task>0</Task><Opcode>0</Opcode><Keywords>0x8000000000000000</Keywords><TimeCreated SystemTime='2023-05-23T10:38:46.6344041Z'/><EventRecordID>33757</EventRecordID><Correlation ActivityID='{b4a9be72-8a59-0004-f2be-a9b4598ad901}'/><Execution ProcessID='772' ThreadID='17472'/><Channel>System</Channel><Computer>MA-L-506299.groupinfra.com</Computer><Security UserID='S-1-5-18'/></System><EventData><Data Name='Type'>client</Data><Data Name='ErrorState'>10013</Data></EventData></Event>
<Event xmlns='http://schemas.microsoft.com/win/2004/08/events/event'><System><Provider Name='Schannel' Guid='{1f678132-5938-4686-9fdc-c8ff68f15c85}'/><EventID>36871</EventID><Version>0</Version><Level>2</Level><Task>0</Task><Opcode>0</Opcode><Keywords>0x8000000000000000</Keywords><TimeCreated SystemTime='2023-05-23T10:39:56.6348309Z'/><EventRecordID>33758</EventRecordID><Correlation ActivityID='{b4a9be72-8a59-0004-f2be-a9b4598ad901}'/><Execution ProcessID='772' ThreadID='13448'/><Channel>System</Channel><Computer>MA-L-506299.groupinfra.com</Computer><Security UserID='S-1-5-18'/></System><EventData><Data Name='Type'>client</Data><Data Name='ErrorState'>10013</Data></EventData></Event>
<Event xmlns='http://schemas.microsoft.com/win/2004/08/events/event'><System><Provider Name='Schannel' Guid='{1f678132-5938-4686-9fdc-c8ff68f15c85}'/><EventID>36871</EventID><Version>0</Version><Level>2</Level><Task>0</Task><Opcode>0</Opcode><Keywords>0x8000000000000000</Keywords><TimeCreated SystemTime='2023-05-23T10:39:56.6349547Z'/><EventRecordID>33759</EventRecordID><Correlation ActivityID='{b4a9be72-8a59-0004-f2be-a9b4598ad901}'/><Execution ProcessID='772' ThreadID='13448'/><Channel>System</Channel><Computer>MA-L-506299.groupinfra.com</Computer><Security UserID='S-1-5-18'/></System><EventData><Data Name='Type'>client</Data><Data Name='ErrorState'>10013</Data></EventData></Event>
<Event xmlns='http://schemas.microsoft.com/win/2004/08/events/event'><System><Provider Name='Microsoft-Windows-DNS-Client' Guid='{1c95126e-7eea-49a9-a3fe-a378b03ddb4d}'/><EventID>8014</EventID><Version>0</Version><Level>4</Level><Task>1028</Task><Opcode>0</Opcode><Keywords>0x4000000000000000</Keywords><TimeCreated SystemTime='2023-05-23T10:40:02.9320862Z'/><EventRecordID>33760</EventRecordID><Correlation/><Execution ProcessID='1724' ThreadID='4380'/><Channel>System</Channel><Computer>MA-L-506299.groupinfra.com</Computer><Security UserID='S-1-5-20'/></System><EventData><Data Name='AdapterName'>{F8E2512A-CA2B-456A-9BC6-18CC9BC4A2F4}</Data><Data Name='HostName'>MA-L-506299</Data><Data Name='AdapterSuffixName'>groupinfra.com</Data><Data Name='DnsServerList'>	162.70.53.129, 162.70.53.193</Data><Data Name='Sent UpdateServer'>&lt;?&gt;</Data><Data Name='Ipaddress'>10.80.80.65</Data><Data Name='ErrorCode'>9501</Data></EventData></Event>
<Event xmlns='http://schemas.microsoft.com/win/2004/08/events/event'><System><Provider Name='Microsoft-Windows-GroupPolicy' Guid='{aea1b4fa-97d1-45f2-a64c-4d69fffd92c9}'/><EventID>1501</EventID><Version>0</Version><Level>4</Level><Task>0</Task><Opcode>1</Opcode><Keywords>0x8000000000000000</Keywords><TimeCreated SystemTime='2023-05-23T10:40:14.8762168Z'/><EventRecordID>33761</EventRecordID><Correlation ActivityID='{7e095089-ad05-439e-892f-4d03d877251e}'/><Execution ProcessID='2280' ThreadID='15596'/><Channel>System</Channel><Computer>MA-L-506299.groupinfra.com</Computer><Security UserID='S-1-5-21-3641078771-3653456904-245653651-2653085'/></System><EventData><Data Name='SupportInfo1'>1</Data><Data Name='SupportInfo2'>4292</Data><Data Name='ProcessingMode'>0</Data><Data Name='ProcessingTimeInMilliseconds'>126391</Data><Data Name='DCName'>\\FR-DC021.groupinfra.com</Data></EventData></Event>
<Event xmlns='http://schemas.microsoft.com/win/2004/08/events/event'><System><Provider Name='Service Control Manager' Guid='{555908d1-a6d7-4695-8e1e-26931d2012f4}' EventSourceName='Service Control Manager'/><EventID Qualifiers='16384'>7040</EventID><Version>0</Version><Level>4</Level><Task>0</Task><Opcode>0</Opcode><Keywords>0x8080000000000000</Keywords><TimeCreated SystemTime='2023-05-23T10:40:46.9582723Z'/><EventRecordID>33762</EventRecordID><Correlation/><Execution ProcessID='756' ThreadID='7820'/><Channel>System</Channel><Computer>MA-L-506299.groupinfra.com</Computer><Security UserID='S-1-5-18'/></System><EventData><Data Name='param1'>Service de transfert intelligent en arri�re-plan</Data><Data Name='param2'>D�marrage � la demande</Data><Data Name='param3'>D�marrage automatique</Data><Data Name='param4'>BITS</Data></EventData></Event>
<Event xmlns='http://schemas.microsoft.com/win/2004/08/events/event'><System><Provider Name='Microsoft-Windows-GroupPolicy' Guid='{aea1b4fa-97d1-45f2-a64c-4d69fffd92c9}'/><EventID>1085</EventID><Version>0</Version><Level>3</Level><Task>0</Task><Opcode>1</Opcode><Keywords>0x8000000000000000</Keywords><TimeCreated SystemTime='2023-05-23T10:41:00.4615196Z'/><EventRecordID>33763</EventRecordID><Correlation ActivityID='{3b40f363-2512-4d9f-8ecb-9fe54d52d36b}'/><Execution ProcessID='2280' ThreadID='1696'/><Channel>System</Channel><Computer>MA-L-506299.groupinfra.com</Computer><Security UserID='S-1-5-18'/></System><EventData><Data Name='SupportInfo1'>1</Data><Data Name='SupportInfo2'>5139</Data><Data Name='ProcessingMode'>0</Data><Data Name='ProcessingTimeInMilliseconds'>171985</Data><Data Name='ErrorCode'>183</Data><Data Name='ErrorDescription'>Impossible de cr�er un fichier d�j� existant. </Data><Data Name='DCName'>\\FR-DC021.groupinfra.com</Data><Data Name='ExtensionName'>Group Policy Registry</Data><Data Name='ExtensionId'>{B087BE9D-ED37-454f-AF9C-04291E351182}</Data></EventData></Event>
<Event xmlns='http://schemas.microsoft.com/win/2004/08/events/event'><System><Provider Name='Microsoft-Windows-GroupPolicy' Guid='{aea1b4fa-97d1-45f2-a64c-4d69fffd92c9}'/><EventID>1502</EventID><Version>0</Version><Level>4</Level><Task>0</Task><Opcode>1</Opcode><Keywords>0x8000000000000000</Keywords><TimeCreated SystemTime='2023-05-23T10:41:00.5549204Z'/><EventRecordID>33764</EventRecordID><Correlation ActivityID='{3b40f363-2512-4d9f-8ecb-9fe54d52d36b}'/><Execution ProcessID='2280' ThreadID='1696'/><Channel>System</Channel><Computer>MA-L-506299.groupinfra.com</Computer><Security UserID='S-1-5-18'/></System><EventData><Data Name='SupportInfo1'>1</Data><Data Name='SupportInfo2'>4273</Data><Data Name='ProcessingMode'>0</Data><Data Name='ProcessingTimeInMilliseconds'>172079</Data><Data Name='DCName'>\\FR-DC021.groupinfra.com</Data><Data Name='NumberOfGroupPolicyObjects'>15</Data></EventData></Event>
<Event xmlns='http://schemas.microsoft.com/win/2004/08/events/event'><System><Provider Name='Microsoft-Windows-Time-Service' Guid='{06edcfeb-0fd0-4e53-acca-a6f8bbf81bcb}'/><EventID>158</EventID><Version>0</Version><Level>4</Level><Task>0</Task><Opcode>0</Opcode><Keywords>0x8000000000000000</Keywords><TimeCreated SystemTime='2023-05-23T10:41:00.7656437Z'/><EventRecordID>33765</EventRecordID><Correlation/><Execution ProcessID='1528' ThreadID='1932'/><Channel>System</Channel><Computer>MA-L-506299.groupinfra.com</Computer><Security UserID='S-1-5-19'/></System><EventData Name='TMP_EVENT_TIMEPROV_INDICATED_UNSUPPORTED'><Data Name='TimeProvider'>VMICTimeProvider</Data></EventData></Event>
<Event xmlns='http://schemas.microsoft.com/win/2004/08/events/event'><System><Provider Name='Microsoft-Windows-DNS-Client' Guid='{1c95126e-7eea-49a9-a3fe-a378b03ddb4d}'/><EventID>1014</EventID><Version>0</Version><Level>3</Level><Task>1014</Task><Opcode>0</Opcode><Keywords>0x4000000010000000</Keywords><TimeCreated SystemTime='2023-05-23T10:45:21.7315816Z'/><EventRecordID>33766</EventRecordID><Correlation/><Execution ProcessID='1724' ThreadID='4380'/><Channel>System</Channel><Computer>MA-L-506299.groupinfra.com</Computer><Security UserID='S-1-5-20'/></System><EventData><Data Name='QueryName'>groupinfra.com</Data><Data Name='AddressLength'>16</Data><Data Name='Address'>020000359EEA1E210000000000000000</Data></EventData></Event>
<Event xmlns='http://schemas.microsoft.com/win/2004/08/events/event'><System><Provider Name='Schannel' Guid='{1f678132-5938-4686-9fdc-c8ff68f15c85}'/><EventID>36871</EventID><Version>0</Version><Level>2</Level><Task>0</Task><Opcode>0</Opcode><Keywords>0x8000000000000000</Keywords><TimeCreated SystemTime='2023-05-23T10:46:42.7852908Z'/><EventRecordID>33767</EventRecordID><Correlation ActivityID='{b4a9be72-8a59-0004-f2be-a9b4598ad901}'/><Execution ProcessID='772' ThreadID='13864'/><Channel>System</Channel><Computer>MA-L-506299.groupinfra.com</Computer><Security UserID='S-1-5-18'/></System><EventData><Data Name='Type'>client</Data><Data Name='ErrorState'>10013</Data></EventData></Event>
<Event xmlns='http://schemas.microsoft.com/win/2004/08/events/event'><System><Provider Name='Schannel' Guid='{1f678132-5938-4686-9fdc-c8ff68f15c85}'/><EventID>36871</EventID><Version>0</Version><Level>2</Level><Task>0</Task><Opcode>0</Opcode><Keywords>0x8000000000000000</Keywords><TimeCreated SystemTime='2023-05-23T10:46:42.7853671Z'/><EventRecordID>33768</EventRecordID><Correlation ActivityID='{b4a9be72-8a59-0004-f2be-a9b4598ad901}'/><Execution ProcessID='772' ThreadID='13864'/><Channel>System</Channel><Computer>MA-L-506299.groupinfra.com</Computer><Security UserID='S-1-5-18'/></System><EventData><Data Name='Type'>client</Data><Data Name='ErrorState'>10013</Data></EventData></Event>
<Event xmlns='http://schemas.microsoft.com/win/2004/08/events/event'><System><Provider Name='Schannel' Guid='{1f678132-5938-4686-9fdc-c8ff68f15c85}'/><EventID>36871</EventID><Version>0</Version><Level>2</Level><Task>0</Task><Opcode>0</Opcode><Keywords>0x8000000000000000</Keywords><TimeCreated SystemTime='2023-05-23T10:47:33.1133298Z'/><EventRecordID>33769</EventRecordID><Correlation ActivityID='{b4a9be72-8a59-0004-f2be-a9b4598ad901}'/><Execution ProcessID='772' ThreadID='8856'/><Channel>System</Channel><Computer>MA-L-506299.groupinfra.com</Computer><Security UserID='S-1-5-18'/></System><EventData><Data Name='Type'>client</Data><Data Name='ErrorState'>10013</Data></EventData></Event>
<Event xmlns='http://schemas.microsoft.com/win/2004/08/events/event'><System><Provider Name='Schannel' Guid='{1f678132-5938-4686-9fdc-c8ff68f15c85}'/><EventID>36871</EventID><Version>0</Version><Level>2</Level><Task>0</Task><Opcode>0</Opcode><Keywords>0x8000000000000000</Keywords><TimeCreated SystemTime='2023-05-23T10:47:33.1133880Z'/><EventRecordID>33770</EventRecordID><Correlation ActivityID='{b4a9be72-8a59-0004-f2be-a9b4598ad901}'/><Execution ProcessID='772' ThreadID='8856'/><Channel>System</Channel><Computer>MA-L-506299.groupinfra.com</Computer><Security UserID='S-1-5-18'/></System><EventData><Data Name='Type'>client</Data><Data Name='ErrorState'>10013</Data></EventData></Event>
<Event xmlns='http://schemas.microsoft.com/win/2004/08/events/event'><System><Provider Name='Schannel' Guid='{1f678132-5938-4686-9fdc-c8ff68f15c85}'/><EventID>36871</EventID><Version>0</Version><Level>2</Level><Task>0</Task><Opcode>0</Opcode><Keywords>0x8000000000000000</Keywords><TimeCreated SystemTime='2023-05-23T10:47:35.8279622Z'/><EventRecordID>33771</EventRecordID><Correlation ActivityID='{b4a9be72-8a59-0004-f2be-a9b4598ad901}'/><Execution ProcessID='772' ThreadID='848'/><Channel>System</Channel><Computer>MA-L-506299.groupinfra.com</Computer><Security UserID='S-1-5-18'/></System><EventData><Data Name='Type'>client</Data><Data Name='ErrorState'>10013</Data></EventData></Event>
<Event xmlns='http://schemas.microsoft.com/win/2004/08/events/event'><System><Provider Name='Schannel' Guid='{1f678132-5938-4686-9fdc-c8ff68f15c85}'/><EventID>36871</EventID><Version>0</Version><Level>2</Level><Task>0</Task><Opcode>0</Opcode><Keywords>0x8000000000000000</Keywords><TimeCreated SystemTime='2023-05-23T10:47:35.8280634Z'/><EventRecordID>33772</EventRecordID><Correlation ActivityID='{b4a9be72-8a59-0004-f2be-a9b4598ad901}'/><Execution ProcessID='772' ThreadID='848'/><Channel>System</Channel><Computer>MA-L-506299.groupinfra.com</Computer><Security UserID='S-1-5-18'/></System><EventData><Data Name='Type'>client</Data><Data Name='ErrorState'>10013</Data></EventData></Event>
<Event xmlns='http://schemas.microsoft.com/win/2004/08/events/event'><System><Provider Name='Schannel' Guid='{1f678132-5938-4686-9fdc-c8ff68f15c85}'/><EventID>36871</EventID><Version>0</Version><Level>2</Level><Task>0</Task><Opcode>0</Opcode><Keywords>0x8000000000000000</Keywords><TimeCreated SystemTime='2023-05-23T10:47:57.9672433Z'/><EventRecordID>33773</EventRecordID><Correlation ActivityID='{b4a9be72-8a59-0004-f2be-a9b4598ad901}'/><Execution ProcessID='772' ThreadID='8856'/><Channel>System</Channel><Computer>MA-L-506299.groupinfra.com</Computer><Security UserID='S-1-5-18'/></System><EventData><Data Name='Type'>client</Data><Data Name='ErrorState'>10013</Data></EventData></Event>
<Event xmlns='http://schemas.microsoft.com/win/2004/08/events/event'><System><Provider Name='Schannel' Guid='{1f678132-5938-4686-9fdc-c8ff68f15c85}'/><EventID>36871</EventID><Version>0</Version><Level>2</Level><Task>0</Task><Opcode>0</Opcode><Keywords>0x8000000000000000</Keywords><TimeCreated SystemTime='2023-05-23T10:47:57.9673447Z'/><EventRecordID>33774</EventRecordID><Correlation ActivityID='{b4a9be72-8a59-0004-f2be-a9b4598ad901}'/><Execution ProcessID='772' ThreadID='8856'/><Channel>System</Channel><Computer>MA-L-506299.groupinfra.com</Computer><Security UserID='S-1-5-18'/></System><EventData><Data Name='Type'>client</Data><Data Name='ErrorState'>10013</Data></EventData></Event>
<Event xmlns='http://schemas.microsoft.com/win/2004/08/events/event'><System><Provider Name='Schannel' Guid='{1f678132-5938-4686-9fdc-c8ff68f15c85}'/><EventID>36871</EventID><Version>0</Version><Level>2</Level><Task>0</Task><Opcode>0</Opcode><Keywords>0x8000000000000000</Keywords><TimeCreated SystemTime='2023-05-23T10:48:26.0475333Z'/><EventRecordID>33775</EventRecordID><Correlation ActivityID='{b4a9be72-8a59-0004-f2be-a9b4598ad901}'/><Execution ProcessID='772' ThreadID='13864'/><Channel>System</Channel><Computer>MA-L-506299.groupinfra.com</Computer><Security UserID='S-1-5-18'/></System><EventData><Data Name='Type'>client</Data><Data Name='ErrorState'>10013</Data></EventData></Event>
<Event xmlns='http://schemas.microsoft.com/win/2004/08/events/event'><System><Provider Name='Schannel' Guid='{1f678132-5938-4686-9fdc-c8ff68f15c85}'/><EventID>36871</EventID><Version>0</Version><Level>2</Level><Task>0</Task><Opcode>0</Opcode><Keywords>0x8000000000000000</Keywords><TimeCreated SystemTime='2023-05-23T10:48:26.0476340Z'/><EventRecordID>33776</EventRecordID><Correlation ActivityID='{b4a9be72-8a59-0004-f2be-a9b4598ad901}'/><Execution ProcessID='772' ThreadID='13864'/><Channel>System</Channel><Computer>MA-L-506299.groupinfra.com</Computer><Security UserID='S-1-5-18'/></System><EventData><Data Name='Type'>client</Data><Data Name='ErrorState'>10013</Data></EventData></Event>
<Event xmlns='http://schemas.microsoft.com/win/2004/08/events/event'><System><Provider Name='Service Control Manager' Guid='{555908d1-a6d7-4695-8e1e-26931d2012f4}' EventSourceName='Service Control Manager'/><EventID Qualifiers='16384'>7040</EventID><Version>0</Version><Level>4</Level><Task>0</Task><Opcode>0</Opcode><Keywords>0x8080000000000000</Keywords><TimeCreated SystemTime='2023-05-23T10:48:32.6561652Z'/><EventRecordID>33777</EventRecordID><Correlation/><Execution ProcessID='756' ThreadID='12976'/><Channel>System</Channel><Computer>MA-L-506299.groupinfra.com</Computer><Security UserID='S-1-5-18'/></System><EventData><Data Name='param1'>Service de transfert intelligent en arri�re-plan</Data><Data Name='param2'>D�marrage automatique</Data><Data Name='param3'>D�marrage � la demande</Data><Data Name='param4'>BITS</Data></EventData></Event>
<Event xmlns='http://schemas.microsoft.com/win/2004/08/events/event'><System><Provider Name='Schannel' Guid='{1f678132-5938-4686-9fdc-c8ff68f15c85}'/><EventID>36871</EventID><Version>0</Version><Level>2</Level><Task>0</Task><Opcode>0</Opcode><Keywords>0x8000000000000000</Keywords><TimeCreated SystemTime='2023-05-23T10:50:04.0464634Z'/><EventRecordID>33778</EventRecordID><Correlation ActivityID='{b4a9be72-8a59-0004-f2be-a9b4598ad901}'/><Execution ProcessID='772' ThreadID='848'/><Channel>System</Channel><Computer>MA-L-506299.groupinfra.com</Computer><Security UserID='S-1-5-18'/></System><EventData><Data Name='Type'>client</Data><Data Name='ErrorState'>10013</Data></EventData></Event>
<Event xmlns='http://schemas.microsoft.com/win/2004/08/events/event'><System><Provider Name='Schannel' Guid='{1f678132-5938-4686-9fdc-c8ff68f15c85}'/><EventID>36871</EventID><Version>0</Version><Level>2</Level><Task>0</Task><Opcode>0</Opcode><Keywords>0x8000000000000000</Keywords><TimeCreated SystemTime='2023-05-23T10:50:04.0465678Z'/><EventRecordID>33779</EventRecordID><Correlation ActivityID='{b4a9be72-8a59-0004-f2be-a9b4598ad901}'/><Execution ProcessID='772' ThreadID='848'/><Channel>System</Channel><Computer>MA-L-506299.groupinfra.com</Computer><Security UserID='S-1-5-18'/></System><EventData><Data Name='Type'>client</Data><Data Name='ErrorState'>10013</Data></EventData></Event>
<Event xmlns='http://schemas.microsoft.com/win/2004/08/events/event'><System><Provider Name='Schannel' Guid='{1f678132-5938-4686-9fdc-c8ff68f15c85}'/><EventID>36871</EventID><Version>0</Version><Level>2</Level><Task>0</Task><Opcode>0</Opcode><Keywords>0x8000000000000000</Keywords><TimeCreated SystemTime='2023-05-23T10:50:43.9288196Z'/><EventRecordID>33780</EventRecordID><Correlation ActivityID='{b4a9be72-8a59-0004-f2be-a9b4598ad901}'/><Execution ProcessID='772' ThreadID='848'/><Channel>System</Channel><Computer>MA-L-506299.groupinfra.com</Computer><Security UserID='S-1-5-18'/></System><EventData><Data Name='Type'>client</Data><Data Name='ErrorState'>10013</Data></EventData></Event>
<Event xmlns='http://schemas.microsoft.com/win/2004/08/events/event'><System><Provider Name='Schannel' Guid='{1f678132-5938-4686-9fdc-c8ff68f15c85}'/><EventID>36871</EventID><Version>0</Version><Level>2</Level><Task>0</Task><Opcode>0</Opcode><Keywords>0x8000000000000000</Keywords><TimeCreated SystemTime='2023-05-23T10:50:43.9289254Z'/><EventRecordID>33781</EventRecordID><Correlation ActivityID='{b4a9be72-8a59-0004-f2be-a9b4598ad901}'/><Execution ProcessID='772' ThreadID='848'/><Channel>System</Channel><Computer>MA-L-506299.groupinfra.com</Computer><Security UserID='S-1-5-18'/></System><EventData><Data Name='Type'>client</Data><Data Name='ErrorState'>10013</Data></EventData></Event>
<Event xmlns='http://schemas.microsoft.com/win/2004/08/events/event'><System><Provider Name='Schannel' Guid='{1f678132-5938-4686-9fdc-c8ff68f15c85}'/><EventID>36871</EventID><Version>0</Version><Level>2</Level><Task>0</Task><Opcode>0</Opcode><Keywords>0x8000000000000000</Keywords><TimeCreated SystemTime='2023-05-23T10:51:34.8526853Z'/><EventRecordID>33782</EventRecordID><Correlation ActivityID='{b4a9be72-8a59-0004-f2be-a9b4598ad901}'/><Execution ProcessID='772' ThreadID='848'/><Channel>System</Channel><Computer>MA-L-506299.groupinfra.com</Computer><Security UserID='S-1-5-18'/></System><EventData><Data Name='Type'>client</Data><Data Name='ErrorState'>10013</Data></EventData></Event>
